c:\users\neilb_000\desktop\depot\courses\4490\w16\assignments\a2-2016\a3\a3\shaderrevolution\release\vc140.pdb
c:\users\neilb_000\desktop\depot\courses\4490\w16\assignments\a2-2016\a3\a3\shaderrevolution\release\sample.obj
c:\users\neilb_000\desktop\depot\courses\4490\w16\assignments\a2-2016\a3\a3\shaderrevolution\release\properties.obj
c:\users\neilb_000\desktop\depot\courses\4490\w16\assignments\a2-2016\a3\a3\shaderrevolution\release\model.obj
c:\users\neilb_000\desktop\depot\courses\4490\w16\assignments\a2-2016\a3\a3\shaderrevolution\release\vault.obj
c:\users\neilb_000\desktop\depot\courses\4490\w16\assignments\a2-2016\a3\a3\shaderrevolution\release\trackball.obj
c:\users\neilb_000\desktop\depot\courses\4490\w16\assignments\a2-2016\a3\a3\shaderrevolution\release\imageio.obj
c:\users\neilb_000\desktop\depot\courses\4490\w16\assignments\a2-2016\a3\a3\shaderrevolution\release\shaders.obj
c:\users\neilb_000\desktop\depot\courses\4490\w16\assignments\a2-2016\a3\a3\shaderrevolution\release\rijndael.obj
c:\users\neilb_000\desktop\depot\courses\4490\w16\assignments\a2-2016\a3\a3\shaderrevolution\release\modelerview.obj
c:\users\neilb_000\desktop\depot\courses\4490\w16\assignments\a2-2016\a3\a3\shaderrevolution\release\modelerui.obj
c:\users\neilb_000\desktop\depot\courses\4490\w16\assignments\a2-2016\a3\a3\shaderrevolution\release\modelerdraw.obj
c:\users\neilb_000\desktop\depot\courses\4490\w16\assignments\a2-2016\a3\a3\shaderrevolution\release\fl_native_file_chooser.obj
c:\users\neilb_000\desktop\depot\courses\4490\w16\assignments\a2-2016\a3\a3\shaderrevolution\release\camera.obj
c:\users\neilb_000\desktop\depot\courses\4490\w16\assignments\a2-2016\a3\a3\shaderrevolution\release\fl_tree_prefs.obj
c:\users\neilb_000\desktop\depot\courses\4490\w16\assignments\a2-2016\a3\a3\shaderrevolution\release\fl_tree_item_array.obj
c:\users\neilb_000\desktop\depot\courses\4490\w16\assignments\a2-2016\a3\a3\shaderrevolution\release\fl_tree_item.obj
c:\users\neilb_000\desktop\depot\courses\4490\w16\assignments\a2-2016\a3\a3\shaderrevolution\release\fl_tree.obj
c:\users\neilb_000\desktop\depot\courses\4490\w16\assignments\a2-2016\a3\a3\shaderrevolution\release\vect.obj
c:\users\neilb_000\desktop\depot\courses\4490\w16\assignments\a2-2016\a3\a3\shaderrevolution\release\glew.obj
c:\users\neilb_000\desktop\depot\courses\4490\w16\assignments\a2-2016\a3\a3\shaderrevolution\release\modeler.exe
c:\users\neilb_000\desktop\depot\courses\4490\w16\assignments\a2-2016\a3\a3\shaderrevolution\release\modeler.pdb
c:\users\neilb_000\desktop\depot\courses\4490\w16\assignments\a2-2016\a3\a3\shaderrevolution\release\modeler.tlog\cl.command.1.tlog
c:\users\neilb_000\desktop\depot\courses\4490\w16\assignments\a2-2016\a3\a3\shaderrevolution\release\modeler.tlog\cl.read.1.tlog
c:\users\neilb_000\desktop\depot\courses\4490\w16\assignments\a2-2016\a3\a3\shaderrevolution\release\modeler.tlog\cl.write.1.tlog
c:\users\neilb_000\desktop\depot\courses\4490\w16\assignments\a2-2016\a3\a3\shaderrevolution\release\modeler.tlog\link.command.1.tlog
c:\users\neilb_000\desktop\depot\courses\4490\w16\assignments\a2-2016\a3\a3\shaderrevolution\release\modeler.tlog\link.read.1.tlog
c:\users\neilb_000\desktop\depot\courses\4490\w16\assignments\a2-2016\a3\a3\shaderrevolution\release\modeler.tlog\link.write.1.tlog
