c:\users\neilb_000\desktop\depot\courses\4490\w16\assignments\a2-2016\a3\a3\shaderrevolution\debug\vc140.pdb
c:\users\neilb_000\desktop\depot\courses\4490\w16\assignments\a2-2016\a3\a3\shaderrevolution\debug\vc140.idb
c:\users\neilb_000\desktop\depot\courses\4490\w16\assignments\a2-2016\a3\a3\shaderrevolution\debug\sample.obj
c:\users\neilb_000\desktop\depot\courses\4490\w16\assignments\a2-2016\a3\a3\shaderrevolution\debug\properties.obj
c:\users\neilb_000\desktop\depot\courses\4490\w16\assignments\a2-2016\a3\a3\shaderrevolution\debug\model.obj
c:\users\neilb_000\desktop\depot\courses\4490\w16\assignments\a2-2016\a3\a3\shaderrevolution\debug\vault.obj
c:\users\neilb_000\desktop\depot\courses\4490\w16\assignments\a2-2016\a3\a3\shaderrevolution\debug\trackball.obj
c:\users\neilb_000\desktop\depot\courses\4490\w16\assignments\a2-2016\a3\a3\shaderrevolution\debug\imageio.obj
c:\users\neilb_000\desktop\depot\courses\4490\w16\assignments\a2-2016\a3\a3\shaderrevolution\debug\shaders.obj
c:\users\neilb_000\desktop\depot\courses\4490\w16\assignments\a2-2016\a3\a3\shaderrevolution\debug\rijndael.obj
c:\users\neilb_000\desktop\depot\courses\4490\w16\assignments\a2-2016\a3\a3\shaderrevolution\debug\modelerview.obj
c:\users\neilb_000\desktop\depot\courses\4490\w16\assignments\a2-2016\a3\a3\shaderrevolution\debug\modelerui.obj
c:\users\neilb_000\desktop\depot\courses\4490\w16\assignments\a2-2016\a3\a3\shaderrevolution\debug\modelerdraw.obj
c:\users\neilb_000\desktop\depot\courses\4490\w16\assignments\a2-2016\a3\a3\shaderrevolution\debug\fl_native_file_chooser.obj
c:\users\neilb_000\desktop\depot\courses\4490\w16\assignments\a2-2016\a3\a3\shaderrevolution\debug\camera.obj
c:\users\neilb_000\desktop\depot\courses\4490\w16\assignments\a2-2016\a3\a3\shaderrevolution\debug\fl_tree_prefs.obj
c:\users\neilb_000\desktop\depot\courses\4490\w16\assignments\a2-2016\a3\a3\shaderrevolution\debug\fl_tree_item_array.obj
c:\users\neilb_000\desktop\depot\courses\4490\w16\assignments\a2-2016\a3\a3\shaderrevolution\debug\fl_tree_item.obj
c:\users\neilb_000\desktop\depot\courses\4490\w16\assignments\a2-2016\a3\a3\shaderrevolution\debug\fl_tree.obj
c:\users\neilb_000\desktop\depot\courses\4490\w16\assignments\a2-2016\a3\a3\shaderrevolution\debug\vect.obj
c:\users\neilb_000\desktop\depot\courses\4490\w16\assignments\a2-2016\a3\a3\shaderrevolution\debug\glew.obj
c:\users\neilb_000\desktop\depot\courses\4490\w16\assignments\a2-2016\a3\a3\shaderrevolution\debug\modeler.ilk
c:\users\neilb_000\desktop\depot\courses\4490\w16\assignments\a2-2016\a3\a3\shaderrevolution\debug\modeler.exe
c:\users\neilb_000\desktop\depot\courses\4490\w16\assignments\a2-2016\a3\a3\shaderrevolution\debug\modeler.pdb
c:\users\neilb_000\desktop\depot\courses\4490\w16\assignments\a2-2016\a3\a3\shaderrevolution\debug\modeler.tlog\cl.command.1.tlog
c:\users\neilb_000\desktop\depot\courses\4490\w16\assignments\a2-2016\a3\a3\shaderrevolution\debug\modeler.tlog\cl.read.1.tlog
c:\users\neilb_000\desktop\depot\courses\4490\w16\assignments\a2-2016\a3\a3\shaderrevolution\debug\modeler.tlog\cl.write.1.tlog
c:\users\neilb_000\desktop\depot\courses\4490\w16\assignments\a2-2016\a3\a3\shaderrevolution\debug\modeler.tlog\link.command.1.tlog
c:\users\neilb_000\desktop\depot\courses\4490\w16\assignments\a2-2016\a3\a3\shaderrevolution\debug\modeler.tlog\link.read.1.tlog
c:\users\neilb_000\desktop\depot\courses\4490\w16\assignments\a2-2016\a3\a3\shaderrevolution\debug\modeler.tlog\link.write.1.tlog
